<?xml version="1.0" encoding="UTF-8"?>
<testsuite name="com.example.rqchallenge.employees.client.GetEmployeeResponseTest" tests="1" skipped="0" failures="0" errors="0" timestamp="2023-09-28T01:35:54" hostname="ERIC-PC" time="0.001">
  <properties/>
  <testcase name="itConvertsObjectToDomain()" classname="com.example.rqchallenge.employees.client.GetEmployeeResponseTest" time="0.001"/>
  <system-out><![CDATA[]]></system-out>
  <system-err><![CDATA[]]></system-err>
</testsuite>
