<?xml version="1.0" encoding="UTF-8"?>
<testsuite name="com.example.rqchallenge.employees.rest.mapper.EmployeeMapperTest" tests="2" skipped="0" failures="0" errors="0" timestamp="2023-09-28T01:35:57" hostname="ERIC-PC" time="0.007">
  <properties/>
  <testcase name="itMapsEmployeeListToResponse()" classname="com.example.rqchallenge.employees.rest.mapper.EmployeeMapperTest" time="0.005"/>
  <testcase name="itMapsEmployeeToResponse()" classname="com.example.rqchallenge.employees.rest.mapper.EmployeeMapperTest" time="0.001"/>
  <system-out><![CDATA[]]></system-out>
  <system-err><![CDATA[]]></system-err>
</testsuite>
