<?xml version="1.0" encoding="UTF-8"?>
<testsuite name="com.example.rqchallenge.employees.client.GetEmployeesResponseTest" tests="2" skipped="0" failures="0" errors="0" timestamp="2023-09-28T01:35:54" hostname="ERIC-PC" time="0.004">
  <properties/>
  <testcase name="itConvertsNullEmployeeToDomain()" classname="com.example.rqchallenge.employees.client.GetEmployeesResponseTest" time="0.002"/>
  <testcase name="itConvertsObjectToDomain()" classname="com.example.rqchallenge.employees.client.GetEmployeesResponseTest" time="0.002"/>
  <system-out><![CDATA[]]></system-out>
  <system-err><![CDATA[]]></system-err>
</testsuite>
