<?xml version="1.0" encoding="UTF-8"?>
<testsuite name="com.example.rqchallenge.employees.rest.request.CreateEmployeeRequestTest" tests="4" skipped="0" failures="0" errors="0" timestamp="2023-09-28T01:35:57" hostname="ERIC-PC" time="0.004">
  <properties/>
  <testcase name="itShouldAssessThatRequestIsInvalidSalaryString()" classname="com.example.rqchallenge.employees.rest.request.CreateEmployeeRequestTest" time="0.001"/>
  <testcase name="itShouldAssessThatRequestIsInvalidSalaryLong()" classname="com.example.rqchallenge.employees.rest.request.CreateEmployeeRequestTest" time="0.001"/>
  <testcase name="itShouldAssessThatRequestIsValid()" classname="com.example.rqchallenge.employees.rest.request.CreateEmployeeRequestTest" time="0.001"/>
  <testcase name="itShouldAssessThatRequestIsInvalidEmptyProp()" classname="com.example.rqchallenge.employees.rest.request.CreateEmployeeRequestTest" time="0.001"/>
  <system-out><![CDATA[]]></system-out>
  <system-err><![CDATA[]]></system-err>
</testsuite>
