<?xml version="1.0" encoding="UTF-8"?>
<testsuite name="com.example.rqchallenge.employees.rest.EmployeeControllerTest" tests="12" skipped="0" failures="0" errors="0" timestamp="2023-09-28T01:35:56" hostname="ERIC-PC" time="0.537">
  <properties/>
  <testcase name="itThrowsWhenCreatingEmployeeRequestInvalid()" classname="com.example.rqchallenge.employees.rest.EmployeeControllerTest" time="0.142"/>
  <testcase name="itDeletesEmployee()" classname="com.example.rqchallenge.employees.rest.EmployeeControllerTest" time="0.085"/>
  <testcase name="itFetchesHighestPaidEmployees()" classname="com.example.rqchallenge.employees.rest.EmployeeControllerTest" time="0.028"/>
  <testcase name="itPassesNoContentForTop10HighestSalaryWhenThereAreNoEmployees()" classname="com.example.rqchallenge.employees.rest.EmployeeControllerTest" time="0.022"/>
  <testcase name="itThrowsWhenDeletingEmployeeWithInvalidId()" classname="com.example.rqchallenge.employees.rest.EmployeeControllerTest" time="0.021"/>
  <testcase name="itFetchesEmployeeByString()" classname="com.example.rqchallenge.employees.rest.EmployeeControllerTest" time="0.051"/>
  <testcase name="itCreatesAndReturnsNewEmployee()" classname="com.example.rqchallenge.employees.rest.EmployeeControllerTest" time="0.033"/>
  <testcase name="itFetchesEmployeeById()" classname="com.example.rqchallenge.employees.rest.EmployeeControllerTest" time="0.025"/>
  <testcase name="itFetchesAllEmployees()" classname="com.example.rqchallenge.employees.rest.EmployeeControllerTest" time="0.031"/>
  <testcase name="itPassesNoContentForHighestSalaryWhenThereAreNoEmployees()" classname="com.example.rqchallenge.employees.rest.EmployeeControllerTest" time="0.027"/>
  <testcase name="itFetchesEmployeesHighestSalary()" classname="com.example.rqchallenge.employees.rest.EmployeeControllerTest" time="0.028"/>
  <testcase name="itThrowsBadRequestIfEmployeeNotFound()" classname="com.example.rqchallenge.employees.rest.EmployeeControllerTest" time="0.023"/>
  <system-out><![CDATA[02:35:54.394 [Test worker] DEBUG org.springframework.test.context.BootstrapUtils - Instantiating CacheAwareContextLoaderDelegate from class [org.springframework.test.context.cache.DefaultCacheAwareContextLoaderDelegate]
02:35:54.405 [Test worker] DEBUG org.springframework.test.context.BootstrapUtils - Instantiating BootstrapContext using constructor [public org.springframework.test.context.support.DefaultBootstrapContext(java.lang.Class,org.springframework.test.context.CacheAwareContextLoaderDelegate)]
02:35:54.434 [Test worker] DEBUG org.springframework.test.context.BootstrapUtils - Instantiating TestContextBootstrapper for test class [com.example.rqchallenge.employees.rest.EmployeeControllerTest] from class [org.springframework.boot.test.context.SpringBootTestContextBootstrapper]
02:35:54.443 [Test worker] INFO org.springframework.boot.test.context.SpringBootTestContextBootstrapper - Neither @ContextConfiguration nor @ContextHierarchy found for test class [com.example.rqchallenge.employees.rest.EmployeeControllerTest], using SpringBootContextLoader
02:35:54.447 [Test worker] DEBUG org.springframework.test.context.support.AbstractContextLoader - Did not detect default resource location for test class [com.example.rqchallenge.employees.rest.EmployeeControllerTest]: class path resource [com/example/rqchallenge/employees/rest/EmployeeControllerTest-context.xml] does not exist
02:35:54.447 [Test worker] DEBUG org.springframework.test.context.support.AbstractContextLoader - Did not detect default resource location for test class [com.example.rqchallenge.employees.rest.EmployeeControllerTest]: class path resource [com/example/rqchallenge/employees/rest/EmployeeControllerTestContext.groovy] does not exist
02:35:54.448 [Test worker] INFO org.springframework.test.context.support.AbstractContextLoader - Could not detect default resource locations for test class [com.example.rqchallenge.employees.rest.EmployeeControllerTest]: no resource found for suffixes {-context.xml, Context.groovy}.
02:35:54.448 [Test worker] INFO org.springframework.test.context.support.AnnotationConfigContextLoaderUtils - Could not detect default configuration classes for test class [com.example.rqchallenge.employees.rest.EmployeeControllerTest]: EmployeeControllerTest does not declare any static, non-private, non-final, nested classes annotated with @Configuration.
02:35:54.484 [Test worker] DEBUG org.springframework.test.context.support.ActiveProfilesUtils - Could not find an 'annotation declaring class' for annotation type [org.springframework.test.context.ActiveProfiles] and class [com.example.rqchallenge.employees.rest.EmployeeControllerTest]
02:35:54.539 [Test worker] DEBUG org.springframework.context.annotation.ClassPathScanningCandidateComponentProvider - Identified candidate component class: file [C:\Users\erics\Documents\GitHub\java-employee-challenge-test\build\classes\java\main\com\example\rqchallenge\employees\RqChallengeApplication.class]
02:35:54.539 [Test worker] INFO org.springframework.boot.test.context.SpringBootTestContextBootstrapper - Found @SpringBootConfiguration com.example.rqchallenge.employees.RqChallengeApplication for test class com.example.rqchallenge.employees.rest.EmployeeControllerTest
02:35:54.618 [Test worker] DEBUG org.springframework.boot.test.context.SpringBootTestContextBootstrapper - @TestExecutionListeners is not present for class [com.example.rqchallenge.employees.rest.EmployeeControllerTest]: using defaults.
02:35:54.619 [Test worker] INFO org.springframework.boot.test.context.SpringBootTestContextBootstrapper - Loaded default TestExecutionListener class names from location [META-INF/spring.factories]: [org.springframework.boot.test.autoconfigure.restdocs.RestDocsTestExecutionListener, org.springframework.boot.test.autoconfigure.web.client.MockRestServiceServerResetTestExecutionListener, org.springframework.boot.test.autoconfigure.web.servlet.MockMvcPrintOnlyOnFailureTestExecutionListener, org.springframework.boot.test.autoconfigure.web.servlet.WebDriverTestExecutionListener, org.springframework.boot.test.autoconfigure.webservices.client.MockWebServiceServerTestExecutionListener, org.springframework.boot.test.mock.mockito.MockitoTestExecutionListener, org.springframework.boot.test.mock.mockito.ResetMocksTestExecutionListener, org.springframework.test.context.web.ServletTestExecutionListener, org.springframework.test.context.support.DirtiesContextBeforeModesTestExecutionListener, org.springframework.test.context.event.ApplicationEventsTestExecutionListener, org.springframework.test.context.support.DependencyInjectionTestExecutionListener, org.springframework.test.context.support.DirtiesContextTestExecutionListener, org.springframework.test.context.transaction.TransactionalTestExecutionListener, org.springframework.test.context.jdbc.SqlScriptsTestExecutionListener, org.springframework.test.context.event.EventPublishingTestExecutionListener]
02:35:54.625 [Test worker] DEBUG org.springframework.boot.test.context.SpringBootTestContextBootstrapper - Skipping candidate TestExecutionListener [org.springframework.test.context.web.ServletTestExecutionListener] due to a missing dependency. Specify custom listener classes or make the default listener classes and their required dependencies available. Offending class: [javax/servlet/ServletContext]
02:35:54.627 [Test worker] DEBUG org.springframework.boot.test.context.SpringBootTestContextBootstrapper - Skipping candidate TestExecutionListener [org.springframework.test.context.transaction.TransactionalTestExecutionListener] due to a missing dependency. Specify custom listener classes or make the default listener classes and their required dependencies available. Offending class: [org/springframework/transaction/interceptor/TransactionAttributeSource]
02:35:54.627 [Test worker] DEBUG org.springframework.boot.test.context.SpringBootTestContextBootstrapper - Skipping candidate TestExecutionListener [org.springframework.test.context.jdbc.SqlScriptsTestExecutionListener] due to a missing dependency. Specify custom listener classes or make the default listener classes and their required dependencies available. Offending class: [org/springframework/transaction/interceptor/TransactionAttribute]
02:35:54.627 [Test worker] INFO org.springframework.boot.test.context.SpringBootTestContextBootstrapper - Using TestExecutionListeners: [org.springframework.test.context.support.DirtiesContextBeforeModesTestExecutionListener@2af69643, org.springframework.test.context.event.ApplicationEventsTestExecutionListener@587a1cfb, org.springframework.boot.test.mock.mockito.MockitoTestExecutionListener@48528634, org.springframework.boot.test.autoconfigure.SpringBootDependencyInjectionTestExecutionListener@5e1d03d7, org.springframework.test.context.support.DirtiesContextTestExecutionListener@4047d2d9, org.springframework.test.context.event.EventPublishingTestExecutionListener@48d293ee, org.springframework.boot.test.autoconfigure.restdocs.RestDocsTestExecutionListener@146dcfe6, org.springframework.boot.test.autoconfigure.web.client.MockRestServiceServerResetTestExecutionListener@22587507, org.springframework.boot.test.autoconfigure.web.servlet.MockMvcPrintOnlyOnFailureTestExecutionListener@5c77ba8f, org.springframework.boot.test.autoconfigure.web.servlet.WebDriverTestExecutionListener@660f0c, org.springframework.boot.test.autoconfigure.webservices.client.MockWebServiceServerTestExecutionListener@7a0ef219, org.springframework.boot.test.mock.mockito.ResetMocksTestExecutionListener@1b1f5012]
02:35:54.629 [Test worker] DEBUG org.springframework.test.context.support.AbstractDirtiesContextTestExecutionListener - Before test class: context [DefaultTestContext@1229a2b7 testClass = EmployeeControllerTest, testInstance = [null], testMethod = [null], testException = [null], mergedContextConfiguration = [ReactiveWebMergedContextConfiguration@e5cbff2 testClass = EmployeeControllerTest, locations = '{}', classes = '{class com.example.rqchallenge.employees.RqChallengeApplication}', contextInitializerClasses = '[]', activeProfiles = '{}', propertySourceLocations = '{}', propertySourceProperties = '{org.springframework.boot.test.context.SpringBootTestContextBootstrapper=true, server.port=0}', contextCustomizers = set[org.springframework.boot.test.autoconfigure.actuate.metrics.MetricsExportContextCustomizerFactory$DisableMetricExportContextCustomizer@22590e3e, org.springframework.boot.test.autoconfigure.properties.PropertyMappingContextCustomizer@0, org.springframework.boot.test.autoconfigure.web.servlet.WebDriverContextCustomizerFactory$Customizer@1816e24a, org.springframework.boot.test.context.filter.ExcludeFilterContextCustomizer@783115d9, org.springframework.boot.test.json.DuplicateJsonObjectContextCustomizerFactory$DuplicateJsonObjectContextCustomizer@46d567cb, org.springframework.boot.test.mock.mockito.MockitoContextCustomizer@0, org.springframework.boot.test.web.client.TestRestTemplateContextCustomizer@64fc097e, org.springframework.boot.test.web.reactive.server.WebTestClientContextCustomizer@aaee2a2, org.springframework.boot.test.context.SpringBootTestArgs@1, org.springframework.boot.test.context.SpringBootTestWebEnvironment@5b3f61ff], contextLoader = 'org.springframework.boot.test.context.SpringBootContextLoader', parent = [null]], attributes = map['org.springframework.test.context.web.ServletTestExecutionListener.activateListener' -> false]], class annotated with @DirtiesContext [false] with mode [null].
02:35:54.750 [Test worker] DEBUG org.springframework.test.context.support.DependencyInjectionTestExecutionListener - Performing dependency injection for test context [[DefaultTestContext@1229a2b7 testClass = EmployeeControllerTest, testInstance = com.example.rqchallenge.employees.rest.EmployeeControllerTest@4b039c6d, testMethod = [null], testException = [null], mergedContextConfiguration = [ReactiveWebMergedContextConfiguration@e5cbff2 testClass = EmployeeControllerTest, locations = '{}', classes = '{class com.example.rqchallenge.employees.RqChallengeApplication}', contextInitializerClasses = '[]', activeProfiles = '{}', propertySourceLocations = '{}', propertySourceProperties = '{org.springframework.boot.test.context.SpringBootTestContextBootstrapper=true, server.port=0}', contextCustomizers = set[org.springframework.boot.test.autoconfigure.actuate.metrics.MetricsExportContextCustomizerFactory$DisableMetricExportContextCustomizer@22590e3e, org.springframework.boot.test.autoconfigure.properties.PropertyMappingContextCustomizer@0, org.springframework.boot.test.autoconfigure.web.servlet.WebDriverContextCustomizerFactory$Customizer@1816e24a, org.springframework.boot.test.context.filter.ExcludeFilterContextCustomizer@783115d9, org.springframework.boot.test.json.DuplicateJsonObjectContextCustomizerFactory$DuplicateJsonObjectContextCustomizer@46d567cb, org.springframework.boot.test.mock.mockito.MockitoContextCustomizer@0, org.springframework.boot.test.web.client.TestRestTemplateContextCustomizer@64fc097e, org.springframework.boot.test.web.reactive.server.WebTestClientContextCustomizer@aaee2a2, org.springframework.boot.test.context.SpringBootTestArgs@1, org.springframework.boot.test.context.SpringBootTestWebEnvironment@5b3f61ff], contextLoader = 'org.springframework.boot.test.context.SpringBootContextLoader', parent = [null]], attributes = map['org.springframework.test.context.web.ServletTestExecutionListener.activateListener' -> false, 'org.springframework.test.context.event.ApplicationEventsTestExecutionListener.recordApplicationEvents' -> false, 'org.springframework.boot.test.mock.mockito.MockitoTestExecutionListener.mocks' -> org.mockito.internal.configuration.InjectingAnnotationEngine$$Lambda$367/0x0000000100322f20@fd53053]]].
02:35:54.795 [Test worker] DEBUG org.springframework.boot.ApplicationReactiveWebEnvironment - Activating profiles []
02:35:54.797 [Test worker] DEBUG org.springframework.test.context.support.TestPropertySourceUtils - Adding inlined properties to environment: {spring.jmx.enabled=false, org.springframework.boot.test.context.SpringBootTestContextBootstrapper=true, server.port=0}

  .   ____          _            __ _ _
 /\\ / ___'_ __ _ _(_)_ __  __ _ \ \ \ \
( ( )\___ | '_ | '_| | '_ \/ _` | \ \ \ \
 \\/  ___)| |_)| | | | | || (_| |  ) ) ) )
  '  |____| .__|_| |_|_| |_\__, | / / / /
 =========|_|==============|___/=/_/_/_/
 :: Spring Boot ::                (v2.6.1)

2023-09-28 02:35:55.065  INFO 21440 --- [    Test worker] c.e.r.e.rest.EmployeeControllerTest      : Starting EmployeeControllerTest using Java 17.0.6 on Eric-PC with PID 21440 (started by erics in C:\Users\erics\Documents\GitHub\java-employee-challenge-test)
2023-09-28 02:35:55.065  INFO 21440 --- [    Test worker] c.e.r.e.rest.EmployeeControllerTest      : No active profile set, falling back to default profiles: default
2023-09-28 02:35:56.543  INFO 21440 --- [    Test worker] o.s.b.web.embedded.netty.NettyWebServer  : Netty started on port 64427
2023-09-28 02:35:56.551  INFO 21440 --- [    Test worker] c.e.r.e.rest.EmployeeControllerTest      : Started EmployeeControllerTest in 1.752 seconds (JVM running for 3.661)
]]></system-out>
  <system-err><![CDATA[]]></system-err>
</testsuite>
