<?xml version="1.0" encoding="UTF-8"?>
<testsuite name="com.example.rqchallenge.employees.client.CreateEmployeeResponseTest" tests="1" skipped="0" failures="0" errors="0" timestamp="2023-09-28T01:35:53" hostname="ERIC-PC" time="0.74">
  <properties/>
  <testcase name="itShouldConvertToDomain()" classname="com.example.rqchallenge.employees.client.CreateEmployeeResponseTest" time="0.74"/>
  <system-out><![CDATA[]]></system-out>
  <system-err><![CDATA[]]></system-err>
</testsuite>
